[debug] [2022-10-13T03:43:09.600Z] ----------------------------------------------------------------------
[debug] [2022-10-13T03:43:09.601Z] Command:       /opt/homebrew/Cellar/node/17.0.1/bin/node /opt/homebrew/bin/firebase init
[debug] [2022-10-13T03:43:09.601Z] CLI Version:   11.10.0
[debug] [2022-10-13T03:43:09.601Z] Platform:      darwin
[debug] [2022-10-13T03:43:09.601Z] Node Version:  v17.0.1
[debug] [2022-10-13T03:43:09.601Z] Time:          Thu Oct 13 2022 16:43:09 GMT+1300 (New Zealand Daylight Time)
[debug] [2022-10-13T03:43:09.601Z] ----------------------------------------------------------------------
[debug] 
[debug] [2022-10-13T03:43:09.604Z] > command requires scopes: ["email","openid","https://www.googleapis.com/auth/cloudplatformprojects.readonly","https://www.googleapis.com/auth/firebase","https://www.googleapis.com/auth/cloud-platform"]
[debug] [2022-10-13T03:43:09.604Z] > authorizing via signed-in user (matt@hunch.tech)
[info] 
     ######## #### ########  ######## ########     ###     ######  ########
     ##        ##  ##     ## ##       ##     ##  ##   ##  ##       ##
     ######    ##  ########  ######   ########  #########  ######  ######
     ##        ##  ##    ##  ##       ##     ## ##     ##       ## ##
     ##       #### ##     ## ######## ########  ##     ##  ######  ########

You're about to initialize a Firebase project in this directory:

  /Users/mattayers/Documents/venture

[info] 
=== Project Setup
[info] 
[info] First, let's associate this project directory with a Firebase project.
[info] You can create multiple project aliases by running firebase use --add, 
[info] but for now we'll just set up a default project.
[info] 
[debug] [2022-10-13T03:43:15.271Z] > refreshing access token with scopes: []
[debug] [2022-10-13T03:43:15.274Z] >>> [apiv2][query] POST https://www.googleapis.com/oauth2/v3/token [none]
[debug] [2022-10-13T03:43:15.274Z] >>> [apiv2][body] POST https://www.googleapis.com/oauth2/v3/token [omitted]
[debug] [2022-10-13T03:43:15.725Z] <<< [apiv2][status] POST https://www.googleapis.com/oauth2/v3/token 200
[debug] [2022-10-13T03:43:15.726Z] <<< [apiv2][body] POST https://www.googleapis.com/oauth2/v3/token [omitted]
[debug] [2022-10-13T03:43:15.795Z] >>> [apiv2][query] GET https://firebase.googleapis.com/v1beta1/projects pageSize=100
[debug] [2022-10-13T03:43:16.991Z] <<< [apiv2][status] GET https://firebase.googleapis.com/v1beta1/projects 200
[debug] [2022-10-13T03:43:16.991Z] <<< [apiv2][body] GET https://firebase.googleapis.com/v1beta1/projects [omitted]
